<?xml version="1.0" encoding="UTF-8"?>
<testng-results ignored="0" total="1" passed="1" failed="0" skipped="0">
  <reporter-output>
    <line>
      <![CDATA[Name:balaji]]>
    </line>
  </reporter-output>
  <suite started-at="2024-06-17T12:08:35 IST" name="Surefire suite" finished-at="2024-06-17T12:08:44 IST" duration-ms="8256">
    <groups>
    </groups>
    <test started-at="2024-06-17T12:08:35 IST" name="Surefire test" finished-at="2024-06-17T12:08:44 IST" duration-ms="8256">
      <class name="TeacherLoginTest">
        <test-method signature="adminLogin()[pri:0, instance:TeacherLoginTest@2aa5fe93]" started-at="2024-06-17T12:08:35 IST" name="adminLogin" finished-at="2024-06-17T12:08:44 IST" duration-ms="8189" status="PASS">
          <reporter-output>
            <line>
              <![CDATA[Name:balaji]]>
            </line>
          </reporter-output>
        </test-method> <!-- adminLogin -->
      </class> <!-- TeacherLoginTest -->
    </test> <!-- Surefire test -->
  </suite> <!-- Surefire suite -->
</testng-results>
